# JRE version: OpenJDK Runtime Environment (23.0.2+7) (build 23.0.2+7-58)
# Java VM: OpenJDK 64-Bit Server VM (23.0.2+7-58, mixed mode, sharing, tiered, compressed oops, compressed class ptrs, g1 gc, windows-amd64)
GC Precious Log:
 CardTable entry size: 512
 Card Set container configuration: InlinePtr #cards 5 size 8 Array Of Cards #cards 10 size 36 Howl #buckets 4 coarsen threshold 1843 Howl Bitmap #cards 512 size 80 coarsen threshold 460 Card regions per heap region 1 cards per card region 2048
 CPUs: 4 total, 4 available
 Memory: 4000M
 Large Page Support: Disabled
 NUMA Support: Disabled
 Compressed Oops: Enabled (32-bit)
 Heap Region Size: 1M
 Heap Min Capacity: 8M
 Heap Initial Capacity: 64M
 Heap Max Capacity: 1002M
 Pre-touch: Disabled
 Parallel Workers: 4
 Concurrent Workers: 1
 Concurrent Refinement Workers: 4
 Periodic GC: Disabled
Heap:
 garbage-first heap   total reserved 1026048K, committed 72704K, used 41396K [0x00000000c1600000, 0x0000000100000000)
  region size 1024K, 1 young (1024K), 1 survivors (1024K)
 Metaspace       used 67556K, committed 68160K, reserved 1114112K
  class space    used 9638K, committed 9856K, reserved 1048576K
GC Heap History (20 events):
Event: 20.769 GC heap after
{Heap after GC invocations=13 (full 0):
 garbage-first heap   total reserved 1026048K, committed 48128K, used 24364K [0x00000000c1600000, 0x0000000100000000)
  region size 1024K, 2 young (2048K), 2 survivors (2048K)
 Metaspace       used 48644K, committed 49152K, reserved 1114112K
  class space    used 6586K, committed 6784K, reserved 1048576K
}
Event: 21.327 GC heap before
{Heap before GC invocations=13 (full 0):
 garbage-first heap   total reserved 1026048K, committed 48128K, used 40748K [0x00000000c1600000, 0x0000000100000000)
  region size 1024K, 18 young (18432K), 2 survivors (2048K)
 Metaspace       used 54363K, committed 54912K, reserved 1114112K
  class space    used 7446K, committed 7680K, reserved 1048576K
}
Event: 21.333 GC heap after
{Heap after GC invocations=14 (full 0):
 garbage-first heap   total reserved 1026048K, committed 48128K, used 25091K [0x00000000c1600000, 0x0000000100000000)
  region size 1024K, 2 young (2048K), 2 survivors (2048K)
 Metaspace       used 54363K, committed 54912K, reserved 1114112K
  class space    used 7446K, committed 7680K, reserved 1048576K
}
Event: 22.109 GC heap before
{Heap before GC invocations=15 (full 0):
 garbage-first heap   total reserved 1026048K, committed 48128K, used 41475K [0x00000000c1600000, 0x0000000100000000)
  region size 1024K, 19 young (19456K), 2 survivors (2048K)
 Metaspace       used 58722K, committed 59264K, reserved 1114112K
  class space    used 8198K, committed 8448K, reserved 1048576K
}
Event: 22.116 GC heap after
{Heap after GC invocations=16 (full 0):
 garbage-first heap   total reserved 1026048K, committed 66560K, used 25826K [0x00000000c1600000, 0x0000000100000000)
  region size 1024K, 2 young (2048K), 2 survivors (2048K)
 Metaspace       used 58722K, committed 59264K, reserved 1114112K
  class space    used 8198K, committed 8448K, reserved 1048576K
}
Event: 23.819 GC heap before
{Heap before GC invocations=16 (full 0):
 garbage-first heap   total reserved 1026048K, committed 66560K, used 58594K [0x00000000c1600000, 0x0000000100000000)
  region size 1024K, 34 young (34816K), 2 survivors (2048K)
 Metaspace       used 63871K, committed 64448K, reserved 1114112K
  class space    used 9006K, committed 9216K, reserved 1048576K
}
Event: 23.829 GC heap after
{Heap after GC invocations=17 (full 0):
 garbage-first heap   total reserved 1026048K, committed 66560K, used 28421K [0x00000000c1600000, 0x0000000100000000)
  region size 1024K, 5 young (5120K), 5 survivors (5120K)
 Metaspace       used 63871K, committed 64448K, reserved 1114112K
  class space    used 9006K, committed 9216K, reserved 1048576K
}
Event: 24.024 GC heap before
{Heap before GC invocations=17 (full 0):
 garbage-first heap   total reserved 1026048K, committed 66560K, used 56069K [0x00000000c1600000, 0x0000000100000000)
  region size 1024K, 32 young (32768K), 5 survivors (5120K)
 Metaspace       used 63944K, committed 64512K, reserved 1114112K
  class space    used 9011K, committed 9216K, reserved 1048576K
}
Event: 24.032 GC heap after
{Heap after GC invocations=18 (full 0):
 garbage-first heap   total reserved 1026048K, committed 66560K, used 29266K [0x00000000c1600000, 0x0000000100000000)
  region size 1024K, 1 young (1024K), 1 survivors (1024K)
 Metaspace       used 63944K, committed 64512K, reserved 1114112K
  class space    used 9011K, committed 9216K, reserved 1048576K
}
Event: 24.488 GC heap before
{Heap before GC invocations=18 (full 0):
 garbage-first heap   total reserved 1026048K, committed 66560K, used 58962K [0x00000000c1600000, 0x0000000100000000)
  region size 1024K, 30 young (30720K), 1 survivors (1024K)
 Metaspace       used 65746K, committed 66304K, reserved 1114112K
  class space    used 9391K, committed 9600K, reserved 1048576K
}
Event: 24.494 GC heap after
{Heap after GC invocations=19 (full 0):
 garbage-first heap   total reserved 1026048K, committed 66560K, used 29966K [0x00000000c1600000, 0x0000000100000000)
  region size 1024K, 2 young (2048K), 2 survivors (2048K)
 Metaspace       used 65746K, committed 66304K, reserved 1114112K
  class space    used 9391K, committed 9600K, reserved 1048576K
}
Event: 24.952 GC heap before
{Heap before GC invocations=20 (full 0):
 garbage-first heap   total reserved 1026048K, committed 66560K, used 59662K [0x00000000c1600000, 0x0000000100000000)
  region size 1024K, 31 young (31744K), 2 survivors (2048K)
 Metaspace       used 65767K, committed 66304K, reserved 1114112K
  class space    used 9391K, committed 9600K, reserved 1048576K
}
Event: 24.978 GC heap after
{Heap after GC invocations=21 (full 0):
 garbage-first heap   total reserved 1026048K, committed 72704K, used 40564K [0x00000000c1600000, 0x0000000100000000)
  region size 1024K, 4 young (4096K), 4 survivors (4096K)
 Metaspace       used 65767K, committed 66304K, reserved 1114112K
  class space    used 9391K, committed 9600K, reserved 1048576K
}
Event: 25.088 GC heap before
{Heap before GC invocations=21 (full 0):
 garbage-first heap   total reserved 1026048K, committed 72704K, used 61044K [0x00000000c1600000, 0x0000000100000000)
  region size 1024K, 24 young (24576K), 4 survivors (4096K)
 Metaspace       used 65767K, committed 66304K, reserved 1114112K
  class space    used 9391K, committed 9600K, reserved 1048576K
}
Event: 25.112 GC heap after
{Heap after GC invocations=22 (full 0):
 garbage-first heap   total reserved 1026048K, committed 72704K, used 43145K [0x00000000c1600000, 0x0000000100000000)
  region size 1024K, 3 young (3072K), 3 survivors (3072K)
 Metaspace       used 65767K, committed 66304K, reserved 1114112K
  class space    used 9391K, committed 9600K, reserved 1048576K
}
Event: 25.292 GC heap before
{Heap before GC invocations=22 (full 0):
 garbage-first heap   total reserved 1026048K, committed 72704K, used 62601K [0x00000000c1600000, 0x0000000100000000)
  region size 1024K, 22 young (22528K), 3 survivors (3072K)
 Metaspace       used 65769K, committed 66304K, reserved 1114112K
  class space    used 9391K, committed 9600K, reserved 1048576K
}
Event: 25.296 GC heap after
{Heap after GC invocations=23 (full 0):
 garbage-first heap   total reserved 1026048K, committed 72704K, used 41987K [0x00000000c1600000, 0x0000000100000000)
  region size 1024K, 1 young (1024K), 1 survivors (1024K)
 Metaspace       used 65769K, committed 66304K, reserved 1114112K
  class space    used 9391K, committed 9600K, reserved 1048576K
}
Event: 25.725 GC heap before
{Heap before GC invocations=24 (full 0):
 garbage-first heap   total reserved 1026048K, committed 72704K, used 63491K [0x00000000c1600000, 0x0000000100000000)
  region size 1024K, 22 young (22528K), 1 survivors (1024K)
 Metaspace       used 65789K, committed 66304K, reserved 1114112K
  class space    used 9391K, committed 9600K, reserved 1048576K
}
Event: 25.730 GC heap after
{Heap after GC invocations=25 (full 0):
 garbage-first heap   total reserved 1026048K, committed 72704K, used 43399K [0x00000000c1600000, 0x0000000100000000)
  region size 1024K, 2 young (2048K), 2 survivors (2048K)
 Metaspace       used 65789K, committed 66304K, reserved 1114112K
  class space    used 9391K, committed 9600K, reserved 1048576K
}
Event: 26.136 GC heap before
{Heap before GC invocations=25 (full 0):
 garbage-first heap   total reserved 1026048K, committed 72704K, used 62855K [0x00000000c1600000, 0x0000000100000000)
  region size 1024K, 22 young (22528K), 2 survivors (2048K)
 Metaspace       used 67556K, committed 68160K, reserved 1114112K
  class space    used 9638K, committed 9856K, reserved 1048576K
}

